

times in msec
 clock   self+sourced   self:  sourced script
 clock   elapsed:              other lines

000.034  000.034: --- NVIM STARTING ---
000.781  000.748: locale set
001.710  000.928: inits 1
001.911  000.202: window checked
001.923  000.012: parsing arguments
010.777  008.854: expanding arguments
011.004  000.227: inits 2
012.266  001.262: init highlight
012.274  000.008: waiting for UI
015.790  003.516: done waiting for UI
015.932  000.142: init screen for UI
015.974  000.042: init default mappings
016.040  000.066: init default autocommands
017.365  000.162  000.162: sourcing /usr/local/share/nvim/runtime/ftplugin.vim
017.531  000.087  000.087: sourcing /usr/local/share/nvim/runtime/indent.vim
018.914  000.971  000.971: sourcing /home/coma/.local/share/nvim/site/autoload/jetpack.vim
034.885  000.235  000.235: sourcing /usr/local/share/nvim/runtime/syntax/nosyntax.vim
035.082  000.094  000.094: sourcing /usr/local/share/nvim/runtime/ftplugof.vim
035.410  000.146  000.146: sourcing /usr/local/share/nvim/runtime/indoff.vim
059.512  000.226  000.226: sourcing /usr/local/share/nvim/runtime/syntax/synload.vim
059.704  000.085  000.085: sourcing /home/coma/.local/share/nvim/site/pack/jetpack/opt/_/filetype.vim
060.090  000.121  000.121: sourcing /usr/local/share/nvim/runtime/filetype.lua
082.707  000.378  000.378: sourcing /home/coma/.local/share/nvim/site/pack/jetpack/opt/_/ftdetect/fish.vim
082.886  000.124  000.124: sourcing /home/coma/.local/share/nvim/site/pack/jetpack/opt/_/ftdetect/jinja.vim
082.999  000.075  000.075: sourcing /home/coma/.local/share/nvim/site/pack/jetpack/opt/_/ftdetect/markdown.vim
083.103  000.069  000.069: sourcing /home/coma/.local/share/nvim/site/pack/jetpack/opt/_/ftdetect/nim.vim
083.193  000.057  000.057: sourcing /home/coma/.local/share/nvim/site/pack/jetpack/opt/_/ftdetect/snippets.vim
083.966  023.831  023.129: sourcing /usr/local/share/nvim/runtime/filetype.vim
086.259  001.473  001.473: sourcing /usr/local/share/nvim/runtime/scripts.vim
086.428  028.629  002.892: sourcing /usr/local/share/nvim/runtime/syntax/syntax.vim
086.547  000.025  000.025: sourcing /home/coma/.local/share/nvim/site/pack/jetpack/opt/_/filetype.vim
086.911  000.100  000.100: sourcing /usr/local/share/nvim/runtime/filetype.lua
086.983  000.029  000.029: sourcing /usr/local/share/nvim/runtime/filetype.vim
087.289  000.093  000.093: sourcing /usr/local/share/nvim/runtime/ftplugin.vim
087.557  000.077  000.077: sourcing /usr/local/share/nvim/runtime/indent.vim
089.388  000.239  000.239: sourcing /home/coma/.config/nvim/configs/ale.vim
089.688  000.198  000.198: sourcing /home/coma/.config/nvim/configs/cmds.vim
089.751  000.025  000.025: sourcing /home/coma/.config/nvim/configs/cmode.vim
090.564  000.782  000.782: sourcing /home/coma/.config/nvim/configs/coc.vim
090.663  000.059  000.059: sourcing /home/coma/.config/nvim/configs/ddc.vim
090.992  000.219  000.219: sourcing /home/coma/.local/share/nvim/site/pack/jetpack/opt/_/autoload/ddu/custom.vim
091.428  000.227  000.227: sourcing /home/coma/.local/share/nvim/site/pack/jetpack/opt/_/autoload/ddu.vim
092.016  001.323  000.877: sourcing /home/coma/.config/nvim/configs/ddu.vim
092.076  000.015  000.015: sourcing /home/coma/.config/nvim/configs/defx-git.vim
092.401  000.103  000.103: sourcing /home/coma/.local/share/nvim/site/pack/jetpack/opt/defx.nvim/autoload/defx/custom.vim
093.308  000.715  000.715: sourcing /home/coma/.local/share/nvim/site/pack/jetpack/opt/defx.nvim/autoload/defx/util.vim
093.443  001.337  000.519: sourcing /home/coma/.config/nvim/configs/defx.vim
093.875  000.204  000.204: sourcing /home/coma/.local/share/nvim/site/pack/jetpack/opt/denite.nvim/autoload/denite/custom.vim
094.602  000.476  000.476: sourcing /home/coma/.local/share/nvim/site/pack/jetpack/opt/denite.nvim/autoload/denite/util.vim
094.753  001.270  000.591: sourcing /home/coma/.config/nvim/configs/denite.vim
094.809  000.018  000.018: sourcing /home/coma/.config/nvim/configs/deol.vim
094.979  000.141  000.141: sourcing /home/coma/.config/nvim/configs/easymoation.vim
095.314  000.280  000.280: sourcing /home/coma/.config/nvim/configs/eskk.vim
095.636  000.237  000.237: sourcing /home/coma/.config/nvim/configs/keybinds.vim
095.780  000.107  000.107: sourcing /home/coma/.config/nvim/configs/lightline.vim
096.015  000.202  000.202: sourcing /home/coma/.config/nvim/configs/medley.vim
096.109  000.059  000.059: sourcing /home/coma/.config/nvim/configs/nim.vim
096.168  000.027  000.027: sourcing /home/coma/.config/nvim/configs/previm.vim
096.248  000.044  000.044: sourcing /home/coma/.config/nvim/configs/quickrun.vim
096.303  000.023  000.023: sourcing /home/coma/.config/nvim/configs/scripts.vim
096.384  000.053  000.053: sourcing /home/coma/.config/nvim/configs/smartword.vim
096.483  000.067  000.067: sourcing /home/coma/.config/nvim/configs/syntastic.vim
096.635  000.120  000.120: sourcing /home/coma/.config/nvim/configs/tig.vim
096.712  000.039  000.039: sourcing /home/coma/.config/nvim/configs/twitvim.vim
096.775  000.032  000.032: sourcing /home/coma/.config/nvim/configs/varset.vim
096.849  000.042  000.042: sourcing /home/coma/.config/nvim/configs/vim-splash.vim
097.822  000.558  000.558: sourcing /home/coma/.config/nvim/plugs/UnMtchBracket.vim
098.081  000.224  000.224: sourcing /home/coma/.config/nvim/plugs/deolrun.vim
098.537  000.415  000.415: sourcing /home/coma/.config/nvim/plugs/vimsrash.vim
106.076  000.113  000.113: sourcing /home/coma/.config/nvim/configs/ale.vim
106.296  000.178  000.178: sourcing /home/coma/.config/nvim/configs/cmds.vim
106.356  000.024  000.024: sourcing /home/coma/.config/nvim/configs/cmode.vim
107.323  000.936  000.936: sourcing /home/coma/.config/nvim/configs/coc.vim
107.621  000.119  000.119: sourcing /home/coma/.config/nvim/configs/ddc.vim
108.565  000.902  000.902: sourcing /home/coma/.config/nvim/configs/ddu.vim
108.635  000.013  000.013: sourcing /home/coma/.config/nvim/configs/defx-git.vim
108.937  000.273  000.273: sourcing /home/coma/.config/nvim/configs/defx.vim
109.241  000.264  000.264: sourcing /home/coma/.config/nvim/configs/denite.vim
109.294  000.015  000.015: sourcing /home/coma/.config/nvim/configs/deol.vim
109.463  000.140  000.140: sourcing /home/coma/.config/nvim/configs/easymoation.vim
109.860  000.364  000.364: sourcing /home/coma/.config/nvim/configs/eskk.vim
110.141  000.239  000.239: sourcing /home/coma/.config/nvim/configs/keybinds.vim
110.283  000.106  000.106: sourcing /home/coma/.config/nvim/configs/lightline.vim
110.504  000.186  000.186: sourcing /home/coma/.config/nvim/configs/medley.vim
110.594  000.055  000.055: sourcing /home/coma/.config/nvim/configs/nim.vim
110.648  000.021  000.021: sourcing /home/coma/.config/nvim/configs/previm.vim
110.721  000.043  000.043: sourcing /home/coma/.config/nvim/configs/quickrun.vim
110.772  000.020  000.020: sourcing /home/coma/.config/nvim/configs/scripts.vim
110.850  000.051  000.051: sourcing /home/coma/.config/nvim/configs/smartword.vim
110.949  000.068  000.068: sourcing /home/coma/.config/nvim/configs/syntastic.vim
111.114  000.132  000.132: sourcing /home/coma/.config/nvim/configs/tig.vim
111.181  000.033  000.033: sourcing /home/coma/.config/nvim/configs/twitvim.vim
111.238  000.027  000.027: sourcing /home/coma/.config/nvim/configs/varset.vim
111.308  000.040  000.040: sourcing /home/coma/.config/nvim/configs/vim-splash.vim
131.878  019.864  019.864: sourcing /home/coma/.local/share/nvim/site/pack/jetpack/opt/gruvbox/colors/gruvbox.vim
132.014  114.338  051.778: sourcing /home/coma/.config/nvim/init.vim
132.028  001.401: sourcing vimrc file(s)
149.599  014.098  014.098: sourcing /home/coma/.local/share/nvim/site/pack/jetpack/opt/_/plugin/EasyMotion.vim
150.398  000.218  000.218: sourcing /home/coma/.local/share/nvim/site/pack/jetpack/opt/_/autoload/UltiSnips/map_keys.vim
150.631  000.960  000.741: sourcing /home/coma/.local/share/nvim/site/pack/jetpack/opt/_/plugin/UltiSnips.vim
152.503  001.832  001.832: sourcing /home/coma/.local/share/nvim/site/pack/jetpack/opt/_/plugin/any-jump.vim
152.600  000.049  000.049: sourcing /home/coma/.local/share/nvim/site/pack/jetpack/opt/_/plugin/async.vim
152.856  000.180  000.180: sourcing /home/coma/.local/share/nvim/site/pack/jetpack/opt/_/plugin/bracey.vim
153.052  000.160  000.160: sourcing /home/coma/.local/share/nvim/site/pack/jetpack/opt/_/plugin/calendar.vim
154.236  001.147  001.147: sourcing /home/coma/.local/share/nvim/site/pack/jetpack/opt/_/plugin/closetag.vim
154.888  000.228  000.228: sourcing /home/coma/.local/share/nvim/site/pack/jetpack/opt/_/autoload/coc/rpc.vim
155.802  000.778  000.778: sourcing /home/coma/.local/share/nvim/site/pack/jetpack/opt/_/autoload/coc/util.vim
156.714  000.474  000.474: sourcing /home/coma/.local/share/nvim/site/pack/jetpack/opt/_/autoload/coc/client.vim
169.822  015.480  014.000: sourcing /home/coma/.local/share/nvim/site/pack/jetpack/opt/_/plugin/coc.vim
170.427  000.493  000.493: sourcing /home/coma/.local/share/nvim/site/pack/jetpack/opt/_/plugin/commentary.vim
170.532  000.058  000.058: sourcing /home/coma/.local/share/nvim/site/pack/jetpack/opt/_/plugin/ddu/commands.vim
170.615  000.044  000.044: sourcing /home/coma/.local/share/nvim/site/pack/jetpack/opt/_/plugin/ddu_rg.vim
171.012  000.357  000.357: sourcing /home/coma/.local/share/nvim/site/pack/jetpack/opt/_/plugin/denops/debug.vim
171.484  000.265  000.265: sourcing /home/coma/.local/share/nvim/site/pack/jetpack/opt/_/autoload/denops.vim
171.919  000.857  000.592: sourcing /home/coma/.local/share/nvim/site/pack/jetpack/opt/_/plugin/denops.vim
172.076  000.106  000.106: sourcing /home/coma/.local/share/nvim/site/pack/jetpack/opt/_/plugin/deol.vim
178.933  006.813  006.813: sourcing /home/coma/.local/share/nvim/site/pack/jetpack/opt/_/plugin/emmet.vim
179.756  000.277  000.277: sourcing /home/coma/.local/share/nvim/site/pack/jetpack/opt/_/autoload/eskk/commands.vim
179.873  000.846  000.569: sourcing /home/coma/.local/share/nvim/site/pack/jetpack/opt/_/plugin/eskk.vim
180.418  000.349  000.349: sourcing /home/coma/.local/share/nvim/site/pack/jetpack/opt/_/autoload/indent_guides.vim
181.621  001.698  001.349: sourcing /home/coma/.local/share/nvim/site/pack/jetpack/opt/_/plugin/indent_guides.vim
181.853  000.109  000.109: sourcing /home/coma/.local/share/nvim/site/pack/jetpack/opt/_/plugin/layoutplugin.vim
182.335  000.439  000.439: sourcing /home/coma/.local/share/nvim/site/pack/jetpack/opt/_/plugin/lexima.vim
182.475  000.084  000.084: sourcing /home/coma/.local/share/nvim/site/pack/jetpack/opt/_/plugin/mintodo.vim
183.458  000.937  000.937: sourcing /home/coma/.local/share/nvim/site/pack/jetpack/opt/_/plugin/molder.vim
183.710  000.184  000.184: sourcing /home/coma/.local/share/nvim/site/pack/jetpack/opt/_/plugin/mypy.vim
184.344  000.591  000.591: sourcing /home/coma/.local/share/nvim/site/pack/jetpack/opt/_/plugin/nanomap.vim
185.414  000.300  000.300: sourcing /home/coma/.local/share/nvim/site/pack/jetpack/opt/_/autoload/highlighter.vim
185.652  001.254  000.953: sourcing /home/coma/.local/share/nvim/site/pack/jetpack/opt/_/plugin/nim.vim
186.445  000.731  000.731: sourcing /home/coma/.local/share/nvim/site/pack/jetpack/opt/_/plugin/openbrowser.vim
186.609  000.105  000.105: sourcing /home/coma/.local/share/nvim/site/pack/jetpack/opt/_/plugin/plenary.vim
186.770  000.122  000.122: sourcing /home/coma/.local/share/nvim/site/pack/jetpack/opt/_/plugin/preview_markdown.vim
186.963  000.154  000.154: sourcing /home/coma/.local/share/nvim/site/pack/jetpack/opt/_/plugin/quickrun.vim
187.203  000.201  000.201: sourcing /home/coma/.local/share/nvim/site/pack/jetpack/opt/_/plugin/seiya.vim
187.665  000.412  000.412: sourcing /home/coma/.local/share/nvim/site/pack/jetpack/opt/_/plugin/smartword.vim
188.945  001.221  001.221: sourcing /home/coma/.local/share/nvim/site/pack/jetpack/opt/_/plugin/surround.vim
189.060  000.043  000.043: sourcing /home/coma/.local/share/nvim/site/pack/jetpack/opt/_/plugin/syntastic/autoloclist.vim
189.144  000.035  000.035: sourcing /home/coma/.local/share/nvim/site/pack/jetpack/opt/_/plugin/syntastic/balloons.vim
189.212  000.033  000.033: sourcing /home/coma/.local/share/nvim/site/pack/jetpack/opt/_/plugin/syntastic/checker.vim
189.281  000.033  000.033: sourcing /home/coma/.local/share/nvim/site/pack/jetpack/opt/_/plugin/syntastic/cursor.vim
189.394  000.036  000.036: sourcing /home/coma/.local/share/nvim/site/pack/jetpack/opt/_/plugin/syntastic/highlighting.vim
189.461  000.032  000.032: sourcing /home/coma/.local/share/nvim/site/pack/jetpack/opt/_/plugin/syntastic/loclist.vim
189.527  000.031  000.031: sourcing /home/coma/.local/share/nvim/site/pack/jetpack/opt/_/plugin/syntastic/modemap.vim
189.595  000.032  000.032: sourcing /home/coma/.local/share/nvim/site/pack/jetpack/opt/_/plugin/syntastic/notifiers.vim
189.661  000.032  000.032: sourcing /home/coma/.local/share/nvim/site/pack/jetpack/opt/_/plugin/syntastic/registry.vim
189.736  000.033  000.033: sourcing /home/coma/.local/share/nvim/site/pack/jetpack/opt/_/plugin/syntastic/signs.vim
191.093  001.009  001.009: sourcing /home/coma/.local/share/nvim/site/pack/jetpack/opt/_/autoload/syntastic/util.vim
456.486  000.149  000.149: sourcing /home/coma/.local/share/nvim/site/pack/jetpack/opt/_/plugin/syntastic/autoloclist.vim
456.680  000.139  000.139: sourcing /home/coma/.local/share/nvim/site/pack/jetpack/opt/_/plugin/syntastic/balloons.vim
457.125  000.400  000.400: sourcing /home/coma/.local/share/nvim/site/pack/jetpack/opt/_/plugin/syntastic/checker.vim
457.376  000.198  000.198: sourcing /home/coma/.local/share/nvim/site/pack/jetpack/opt/_/plugin/syntastic/cursor.vim
457.606  000.180  000.180: sourcing /home/coma/.local/share/nvim/site/pack/jetpack/opt/_/plugin/syntastic/highlighting.vim
458.226  000.577  000.577: sourcing /home/coma/.local/share/nvim/site/pack/jetpack/opt/_/plugin/syntastic/loclist.vim
458.832  000.547  000.547: sourcing /home/coma/.local/share/nvim/site/pack/jetpack/opt/_/plugin/syntastic/modemap.vim
459.055  000.160  000.160: sourcing /home/coma/.local/share/nvim/site/pack/jetpack/opt/_/plugin/syntastic/notifiers.vim
459.829  000.733  000.733: sourcing /home/coma/.local/share/nvim/site/pack/jetpack/opt/_/plugin/syntastic/registry.vim
460.100  000.209  000.209: sourcing /home/coma/.local/share/nvim/site/pack/jetpack/opt/_/plugin/syntastic/signs.vim
460.635  000.039  000.039: sourcing /home/coma/.local/share/nvim/site/pack/jetpack/opt/syntastic/plugin/syntastic/autoloclist.vim
460.701  000.025  000.025: sourcing /home/coma/.local/share/nvim/site/pack/jetpack/opt/syntastic/plugin/syntastic/balloons.vim
460.760  000.024  000.024: sourcing /home/coma/.local/share/nvim/site/pack/jetpack/opt/syntastic/plugin/syntastic/checker.vim
460.817  000.024  000.024: sourcing /home/coma/.local/share/nvim/site/pack/jetpack/opt/syntastic/plugin/syntastic/cursor.vim
460.877  000.024  000.024: sourcing /home/coma/.local/share/nvim/site/pack/jetpack/opt/syntastic/plugin/syntastic/highlighting.vim
460.935  000.023  000.023: sourcing /home/coma/.local/share/nvim/site/pack/jetpack/opt/syntastic/plugin/syntastic/loclist.vim
460.994  000.024  000.024: sourcing /home/coma/.local/share/nvim/site/pack/jetpack/opt/syntastic/plugin/syntastic/modemap.vim
461.051  000.023  000.023: sourcing /home/coma/.local/share/nvim/site/pack/jetpack/opt/syntastic/plugin/syntastic/notifiers.vim
461.110  000.023  000.023: sourcing /home/coma/.local/share/nvim/site/pack/jetpack/opt/syntastic/plugin/syntastic/registry.vim
461.167  000.024  000.024: sourcing /home/coma/.local/share/nvim/site/pack/jetpack/opt/syntastic/plugin/syntastic/signs.vim
465.000  275.229  270.675: sourcing /home/coma/.local/share/nvim/site/pack/jetpack/opt/_/plugin/syntastic.vim
466.089  000.432  000.432: sourcing /home/coma/.local/share/nvim/site/pack/jetpack/opt/_/plugin/translate.vim
466.490  000.279  000.279: sourcing /home/coma/.local/share/nvim/site/pack/jetpack/opt/_/plugin/vsession.vim
467.541  000.984  000.984: sourcing /home/coma/.local/share/nvim/site/pack/jetpack/opt/_/plugin/winresizer.vim
468.669  000.671  000.671: sourcing /home/coma/.local/share/nvim/site/pack/jetpack/opt/previm/plugin/previm.vim
469.093  000.193  000.193: sourcing /home/coma/.local/share/nvim/site/pack/jetpack/opt/tig-explorer.vim/plugin/tig_explorer.vim
469.979  000.492  000.492: sourcing /home/coma/.local/share/nvim/site/pack/jetpack/opt/defx.nvim/plugin/defx.vim
470.377  000.178  000.178: sourcing /home/coma/.local/share/nvim/site/pack/jetpack/opt/denite.nvim/plugin/denite.vim
470.595  000.071  000.071: sourcing /home/coma/.local/share/nvim/site/pack/jetpack/opt/open-browser.vim/plugin/openbrowser.vim
471.614  000.407  000.407: sourcing /home/coma/.local/share/nvim/site/pack/jetpack/opt/vim-gitgutter/autoload/gitgutter/utility.vim
472.758  000.355  000.355: sourcing /home/coma/.local/share/nvim/site/pack/jetpack/opt/vim-gitgutter/autoload/gitgutter/highlight.vim
479.804  009.067  008.305: sourcing /home/coma/.local/share/nvim/site/pack/jetpack/opt/vim-gitgutter/plugin/gitgutter.vim
480.407  000.371  000.371: sourcing /home/coma/.local/share/nvim/site/pack/jetpack/opt/lightline.vim/plugin/lightline.vim
480.767  000.175  000.175: sourcing /home/coma/.local/share/nvim/site/pack/jetpack/opt/pudb.vim/plugin/pudb.vim
485.050  004.123  004.123: sourcing /home/coma/.local/share/nvim/site/pack/jetpack/opt/nvim-ts-rainbow/plugin/rainbow.vim
487.478  001.719  001.719: sourcing /usr/local/share/nvim/runtime/autoload/provider/pythonx.vim
488.524  000.554  000.554: sourcing /usr/local/share/nvim/runtime/autoload/remote/host.vim
488.799  003.277  001.004: sourcing /usr/local/share/nvim/runtime/autoload/provider/python3.vim
490.139  004.898  001.621: sourcing /home/coma/.local/share/nvim/site/pack/jetpack/opt/vimspector/plugin/vimspector.vim
490.954  000.046  000.046: sourcing /home/coma/.local/share/nvim/site/pack/jetpack/opt/syntastic/plugin/syntastic/autoloclist.vim
491.028  000.027  000.027: sourcing /home/coma/.local/share/nvim/site/pack/jetpack/opt/syntastic/plugin/syntastic/balloons.vim
491.088  000.025  000.025: sourcing /home/coma/.local/share/nvim/site/pack/jetpack/opt/syntastic/plugin/syntastic/checker.vim
491.149  000.026  000.026: sourcing /home/coma/.local/share/nvim/site/pack/jetpack/opt/syntastic/plugin/syntastic/cursor.vim
491.209  000.026  000.026: sourcing /home/coma/.local/share/nvim/site/pack/jetpack/opt/syntastic/plugin/syntastic/highlighting.vim
491.268  000.024  000.024: sourcing /home/coma/.local/share/nvim/site/pack/jetpack/opt/syntastic/plugin/syntastic/loclist.vim
491.325  000.023  000.023: sourcing /home/coma/.local/share/nvim/site/pack/jetpack/opt/syntastic/plugin/syntastic/modemap.vim
491.382  000.023  000.023: sourcing /home/coma/.local/share/nvim/site/pack/jetpack/opt/syntastic/plugin/syntastic/notifiers.vim
491.440  000.024  000.024: sourcing /home/coma/.local/share/nvim/site/pack/jetpack/opt/syntastic/plugin/syntastic/registry.vim
491.499  000.025  000.025: sourcing /home/coma/.local/share/nvim/site/pack/jetpack/opt/syntastic/plugin/syntastic/signs.vim
491.565  000.031  000.031: sourcing /home/coma/.local/share/nvim/site/pack/jetpack/opt/syntastic/plugin/syntastic.vim
494.686  000.681  000.681: sourcing /home/coma/.local/share/nvim/site/pack/jetpack/opt/ale/autoload/ale/events.vim
495.618  003.865  003.184: sourcing /home/coma/.local/share/nvim/site/pack/jetpack/opt/ale/plugin/ale.vim
497.371  000.979  000.979: sourcing /usr/local/share/nvim/runtime/plugin/gzip.vim
497.874  000.153  000.153: sourcing /usr/local/share/nvim/runtime/plugin/health.vim
498.515  000.560  000.560: sourcing /usr/local/share/nvim/runtime/plugin/man.vim
500.639  001.014  001.014: sourcing /usr/local/share/nvim/runtime/pack/dist/opt/matchit/plugin/matchit.vim
500.982  002.398  001.384: sourcing /usr/local/share/nvim/runtime/plugin/matchit.vim
501.748  000.709  000.709: sourcing /usr/local/share/nvim/runtime/plugin/matchparen.vim
514.561  012.738  012.738: sourcing /usr/local/share/nvim/runtime/plugin/netrwPlugin.vim
523.409  001.224  001.224: sourcing /usr/local/share/nvim/runtime/autoload/remote/define.vim
524.075  006.603  005.378: sourcing /home/coma/.local/share/nvim/rplugin.vim
524.103  009.446  002.844: sourcing /usr/local/share/nvim/runtime/plugin/rplugin.vim
524.703  000.520  000.520: sourcing /usr/local/share/nvim/runtime/plugin/shada.vim
524.891  000.105  000.105: sourcing /usr/local/share/nvim/runtime/plugin/spellfile.vim
525.708  000.714  000.714: sourcing /usr/local/share/nvim/runtime/plugin/tarPlugin.vim
526.077  000.270  000.270: sourcing /usr/local/share/nvim/runtime/plugin/tohtml.vim
526.218  000.076  000.076: sourcing /usr/local/share/nvim/runtime/plugin/tutor.vim
527.003  000.728  000.728: sourcing /usr/local/share/nvim/runtime/plugin/zipPlugin.vim
551.798  012.664  012.664: sourcing /home/coma/.local/share/nvim/site/pack/jetpack/opt/_/plugin/nvim-treesitter.lua
553.506  001.529  001.529: sourcing /home/coma/.local/share/nvim/site/pack/jetpack/opt/_/plugin/telescope.lua
560.328  031.323: loading rtp plugins
560.758  000.429: loading packages
561.350  000.433  000.433: sourcing /home/coma/.local/share/nvim/site/pack/jetpack/opt/_/after/plugin/UltiSnips_after.vim
561.527  000.337: loading after plugins
561.571  000.044: inits 3
577.256  015.685: reading ShaDa
585.230  001.180  001.180: sourcing /home/coma/.local/share/nvim/site/pack/jetpack/opt/_/autoload/syntastic/log.vim
591.928  006.293  006.293: sourcing /home/coma/.local/share/nvim/site/pack/jetpack/opt/ale/autoload/ale.vim
592.172  007.443: opening buffers
593.067  000.563  000.563: sourcing /home/coma/.local/share/nvim/site/pack/jetpack/opt/_/autoload/molder.vim
595.032  000.904  000.904: sourcing /home/coma/.local/share/nvim/site/pack/jetpack/opt/vim-gitgutter/autoload/gitgutter.vim
608.749  005.777  005.777: sourcing /home/coma/.local/share/nvim/site/pack/jetpack/opt/lightline.vim/autoload/lightline.vim
612.487  001.550  001.550: sourcing /home/coma/.local/share/nvim/site/pack/jetpack/opt/vim-gitgutter/autoload/gitgutter/hunk.vim
613.001  000.140  000.140: sourcing /home/coma/.local/share/nvim/site/pack/jetpack/opt/lightline.vim/autoload/lightline/tab.vim
615.334  001.146  001.146: sourcing /home/coma/.local/share/nvim/site/pack/jetpack/opt/lightline.vim/autoload/lightline/colorscheme.vim
617.839  004.419  003.273: sourcing /home/coma/.local/share/nvim/site/pack/jetpack/opt/gruvbox/autoload/lightline/colorscheme/gruvbox.vim
629.852  024.328: BufEnter autocommands
629.865  000.013: editing files in windows
630.902  000.248  000.248: sourcing /home/coma/.local/share/nvim/site/pack/jetpack/opt/_/autoload/denops/util.vim
631.721  001.184  000.936: sourcing /home/coma/.local/share/nvim/site/pack/jetpack/opt/_/autoload/denops/server.vim
632.161  000.167  000.167: sourcing /home/coma/.local/share/nvim/site/pack/jetpack/opt/_/autoload/denops/job.vim
644.364  013.148: VimEnter autocommands
644.477  000.114: UIEnter autocommands
644.482  000.005: before starting main loop
646.608  002.126: first screen update
646.617  000.008: --- NVIM STARTED ---
